<?xml version="1.0" encoding="UTF-8" ?>
<testsuite failures="0" time="0.018" errors="0" skipped="0" tests="1" name="eu.larkc.endpoint.test.TestEndpointTest">
  <properties>
    <property name="java.runtime.name" value="Java(TM) SE Runtime Environment"/>
    <property name="sun.boot.library.path" value="C:\glassfish3\jdk\jre\bin"/>
    <property name="java.vm.version" value="20.0-b11"/>
    <property name="java.vm.vendor" value="Sun Microsystems Inc."/>
    <property name="java.vendor.url" value="http://java.sun.com/"/>
    <property name="path.separator" value=";"/>
    <property name="java.vm.name" value="Java HotSpot(TM) 64-Bit Server VM"/>
    <property name="file.encoding.pkg" value="sun.io"/>
    <property name="user.country" value="US"/>
    <property name="sun.java.launcher" value="SUN_STANDARD"/>
    <property name="sun.os.patch.level" value="Service Pack 1"/>
    <property name="java.vm.specification.name" value="Java Virtual Machine Specification"/>
    <property name="user.dir" value="D:\workspaces\workspace_larkc_trunk\trunk\platform\endpoints\endpointsSourceCode\endpoint.test"/>
    <property name="java.runtime.version" value="1.6.0_25-b06"/>
    <property name="java.awt.graphicsenv" value="sun.awt.Win32GraphicsEnvironment"/>
    <property name="basedir" value="D:\workspaces\workspace_larkc_trunk\trunk\platform\endpoints\endpointsSourceCode\endpoint.test"/>
    <property name="java.endorsed.dirs" value="C:\glassfish3\jdk\jre\lib\endorsed"/>
    <property name="os.arch" value="amd64"/>
    <property name="surefire.real.class.path" value="C:\Users\norlan.STI\AppData\Local\Temp\surefirebooter7514403955708268952.jar"/>
    <property name="java.io.tmpdir" value="C:\Users\norlan.STI\AppData\Local\Temp\"/>
    <property name="line.separator" value="
"/>
    <property name="java.vm.specification.vendor" value="Sun Microsystems Inc."/>
    <property name="user.variant" value=""/>
    <property name="os.name" value="Windows 7"/>
    <property name="sun.jnu.encoding" value="Cp1252"/>
    <property name="java.library.path" value="C:\glassfish3\jdk\jre\bin;.;C:\Windows\Sun\Java\bin;C:\Windows\system32;C:\Windows;C:/glassfish3/jdk/bin/../jre/bin/server;C:/glassfish3/jdk/bin/../jre/bin;C:/glassfish3/jdk/bin/../jre/lib/amd64;C:\Program Files (x86)\MiKTeX 2.9\miktex\bin;C:\Windows\system32;C:\Windows;C:\Windows\System32\Wbem;C:\Windows\System32\WindowsPowerShell\v1.0\;C:\Program Files\Intel\WiFi\bin\;C:\Program Files\Common Files\Intel\WirelessCommon\;C:\Program Files (x86)\Lenovo\Access Connections\;C:\Program Files (x86)\Intel\Services\IPT\;C:\Program Files\ThinkPad\Bluetooth Software\;C:\Program Files\ThinkPad\Bluetooth Software\syswow64;C:\Program Files\Broadcom\WHL\;C:\Program Files\Broadcom\WHL\syswow64;C:\Program Files\Broadcom\WHL\SysWow64\;C:\Program Files\Broadcom\WHL\SysWow64\syswow64;C:\glassfish3\jdk\bin;C:\Apache\apache-maven-2.2.1\bin;C:\Apache\apache-ant-1.8.2\bin;C:\Program Files (x86)\Git\cmd;C:\Program Files\eclipse;"/>
    <property name="surefire.test.class.path" value="D:\workspaces\workspace_larkc_trunk\trunk\platform\endpoints\endpointsSourceCode\endpoint.test\target\test-classes;D:\workspaces\workspace_larkc_trunk\trunk\platform\endpoints\endpointsSourceCode\endpoint.test\target\classes;C:\Users\norlan.STI\.m2\repository\eu\larkc\platform\2.5.0-SNAPSHOT\platform-2.5.0-SNAPSHOT.jar;C:\Users\norlan.STI\.m2\repository\org\apache\hadoop.core\0.20.1\hadoop.core-0.20.1.jar;C:\Users\norlan.STI\.m2\repository\eu\larkc\webpie\1.0\webpie-1.0.jar;C:\Users\norlan.STI\.m2\repository\nl\vu\cs\gridlab\gat.api\2.1.0\gat.api-2.1.0.jar;C:\Users\norlan.STI\.m2\repository\nl\vu\cs\gridlab\gat.engine\2.1.0\gat.engine-2.1.0.jar;C:\Users\norlan.STI\.m2\repository\org\openrdf\sesame\sesame-runtime\2.3.2\sesame-runtime-2.3.2.jar;C:\Users\norlan.STI\.m2\repository\org\openrdf\sesame\sesame-model\2.3.2\sesame-model-2.3.2.jar;C:\Users\norlan.STI\.m2\repository\info\aduna\commons\aduna-commons-collections\2.7.0\aduna-commons-collections-2.7.0.jar;C:\Users\norlan.STI\.m2\repository\info\aduna\commons\aduna-commons-concurrent\2.6.0\aduna-commons-concurrent-2.6.0.jar;C:\Users\norlan.STI\.m2\repository\org\slf4j\slf4j-api\1.6.1\slf4j-api-1.6.1.jar;C:\Users\norlan.STI\.m2\repository\info\aduna\commons\aduna-commons-i18n\1.3.0\aduna-commons-i18n-1.3.0.jar;C:\Users\norlan.STI\.m2\repository\org\openrdf\sesame\sesame-query\2.3.2\sesame-query-2.3.2.jar;C:\Users\norlan.STI\.m2\repository\org\openrdf\sesame\sesame-rio-api\2.3.2\sesame-rio-api-2.3.2.jar;C:\Users\norlan.STI\.m2\repository\info\aduna\commons\aduna-commons-lang\2.8.0\aduna-commons-lang-2.8.0.jar;C:\Users\norlan.STI\.m2\repository\info\aduna\commons\aduna-commons-net\2.6.0\aduna-commons-net-2.6.0.jar;C:\Users\norlan.STI\.m2\repository\info\aduna\commons\aduna-commons-text\2.6.0\aduna-commons-text-2.6.0.jar;C:\Users\norlan.STI\.m2\repository\info\aduna\commons\aduna-commons-iteration\2.8.0\aduna-commons-iteration-2.8.0.jar;C:\Users\norlan.STI\.m2\repository\org\openrdf\sesame\sesame-queryalgebra-model\2.3.2\sesame-queryalgebra-model-2.3.2.jar;C:\Users\norlan.STI\.m2\repository\org\openrdf\sesame\sesame-queryparser-api\2.3.2\sesame-queryparser-api-2.3.2.jar;C:\Users\norlan.STI\.m2\repository\org\openrdf\sesame\sesame-queryparser-sparql\2.3.2\sesame-queryparser-sparql-2.3.2.jar;C:\Users\norlan.STI\.m2\repository\org\openrdf\sesame\sesame-queryresultio-api\2.3.2\sesame-queryresultio-api-2.3.2.jar;C:\Users\norlan.STI\.m2\repository\org\openrdf\sesame\sesame-queryresultio-binary\2.3.2\sesame-queryresultio-binary-2.3.2.jar;C:\Users\norlan.STI\.m2\repository\info\aduna\commons\aduna-commons-io\2.8.0\aduna-commons-io-2.8.0.jar;C:\Users\norlan.STI\.m2\repository\org\openrdf\sesame\sesame-queryresultio-sparqljson\2.3.2\sesame-queryresultio-sparqljson-2.3.2.jar;C:\Users\norlan.STI\.m2\repository\org\openrdf\sesame\sesame-queryresultio-sparqlxml\2.3.2\sesame-queryresultio-sparqlxml-2.3.2.jar;C:\Users\norlan.STI\.m2\repository\info\aduna\commons\aduna-commons-xml\2.6.0\aduna-commons-xml-2.6.0.jar;C:\Users\norlan.STI\.m2\repository\org\openrdf\sesame\sesame-queryresultio-text\2.3.2\sesame-queryresultio-text-2.3.2.jar;C:\Users\norlan.STI\.m2\repository\org\openrdf\sesame\sesame-repository-api\2.3.2\sesame-repository-api-2.3.2.jar;C:\Users\norlan.STI\.m2\repository\org\openrdf\sesame\sesame-repository-manager\2.3.2\sesame-repository-manager-2.3.2.jar;C:\Users\norlan.STI\.m2\repository\org\openrdf\sesame\sesame-repository-event\2.3.2\sesame-repository-event-2.3.2.jar;C:\Users\norlan.STI\.m2\repository\org\openrdf\sesame\sesame-repository-sail\2.3.2\sesame-repository-sail-2.3.2.jar;C:\Users\norlan.STI\.m2\repository\org\openrdf\sesame\sesame-sail-api\2.3.2\sesame-sail-api-2.3.2.jar;C:\Users\norlan.STI\.m2\repository\org\openrdf\sesame\sesame-sail-memory\2.3.2\sesame-sail-memory-2.3.2.jar;C:\Users\norlan.STI\.m2\repository\org\openrdf\sesame\sesame-sail-inferencer\2.3.2\sesame-sail-inferencer-2.3.2.jar;C:\Users\norlan.STI\.m2\repository\org\openrdf\sesame\sesame-queryalgebra-evaluation\2.3.2\sesame-queryalgebra-evaluation-2.3.2.jar;C:\Users\norlan.STI\.m2\repository\org\openrdf\sesame\sesame-repository-http\2.3.2\sesame-repository-http-2.3.2.jar;C:\Users\norlan.STI\.m2\repository\org\openrdf\sesame\sesame-http-client\2.3.2\sesame-http-client-2.3.2.jar;C:\Users\norlan.STI\.m2\repository\org\openrdf\sesame\sesame-http-protocol\2.3.2\sesame-http-protocol-2.3.2.jar;C:\Users\norlan.STI\.m2\repository\org\openrdf\sesame\sesame-rio-ntriples\2.3.2\sesame-rio-ntriples-2.3.2.jar;C:\Users\norlan.STI\.m2\repository\commons-httpclient\commons-httpclient\3.1\commons-httpclient-3.1.jar;C:\Users\norlan.STI\.m2\repository\commons-codec\commons-codec\1.3\commons-codec-1.3.jar;C:\Users\norlan.STI\.m2\repository\org\openrdf\sesame\sesame-repository-dataset\2.3.2\sesame-repository-dataset-2.3.2.jar;C:\Users\norlan.STI\.m2\repository\org\openrdf\sesame\sesame-repository-contextaware\2.3.2\sesame-repository-contextaware-2.3.2.jar;C:\Users\norlan.STI\.m2\repository\org\openrdf\sesame\sesame-rio-n3\2.3.2\sesame-rio-n3-2.3.2.jar;C:\Users\norlan.STI\.m2\repository\org\openrdf\sesame\sesame-rio-turtle\2.3.2\sesame-rio-turtle-2.3.2.jar;C:\Users\norlan.STI\.m2\repository\org\openrdf\sesame\sesame-rio-rdfxml\2.3.2\sesame-rio-rdfxml-2.3.2.jar;C:\Users\norlan.STI\.m2\repository\org\openrdf\sesame\sesame-rio-trix\2.3.2\sesame-rio-trix-2.3.2.jar;C:\Users\norlan.STI\.m2\repository\org\openrdf\sesame\sesame-rio-trig\2.3.2\sesame-rio-trig-2.3.2.jar;C:\Users\norlan.STI\.m2\repository\org\openrdf\sesame\sesame-sail-nativerdf\2.3.2\sesame-sail-nativerdf-2.3.2.jar;C:\Users\norlan.STI\.m2\repository\org\openrdf\sesame\sesame-sail-rdbms\2.3.2\sesame-sail-rdbms-2.3.2.jar;C:\Users\norlan.STI\.m2\repository\commons-dbcp\commons-dbcp\1.2.2\commons-dbcp-1.2.2.jar;C:\Users\norlan.STI\.m2\repository\commons-pool\commons-pool\1.3\commons-pool-1.3.jar;C:\Users\norlan.STI\.m2\repository\org\restlet\jse\org.restlet\2.0.0\org.restlet-2.0.0.jar;C:\Users\norlan.STI\.m2\repository\org\osgi\org.osgi.core\4.0.0\org.osgi.core-4.0.0.jar;C:\Users\norlan.STI\.m2\repository\ch\qos\logback\logback-core\0.9.24\logback-core-0.9.24.jar;C:\Users\norlan.STI\.m2\repository\ch\qos\logback\logback-classic\0.9.24\logback-classic-0.9.24.jar;C:\Users\norlan.STI\.m2\repository\org\apache\tomcat\tomcat-servlet-api\7.0.2\tomcat-servlet-api-7.0.2.jar;C:\Users\norlan.STI\.m2\repository\org\jgrapht\jgrapht-jdk1.5\0.7.3\jgrapht-jdk1.5-0.7.3.jar;C:\Users\norlan.STI\.m2\repository\junit\junit\4.8.2\junit-4.8.2.jar;C:\Users\norlan.STI\.m2\repository\asm\asm-all\3.1\asm-all-3.1.jar;C:\Users\norlan.STI\.m2\repository\org\apache\httpcomponents\httpclient\4.0.1\httpclient-4.0.1.jar;C:\Users\norlan.STI\.m2\repository\org\apache\httpcomponents\httpcore\4.0.1\httpcore-4.0.1.jar;C:\Users\norlan.STI\.m2\repository\org\apache\httpcomponents\httpmime\4.0.1\httpmime-4.0.1.jar;C:\Users\norlan.STI\.m2\repository\org\apache\james\apache-mime4j\0.6\apache-mime4j-0.6.jar;C:\Users\norlan.STI\.m2\repository\org\slf4j\log4j-over-slf4j\1.6.1\log4j-over-slf4j-1.6.1.jar;C:\Users\norlan.STI\.m2\repository\com\ontotext\ordi.trree.adapter\0.6\ordi.trree.adapter-0.6.jar;C:\Users\norlan.STI\.m2\repository\org\apache\lucene\lucene-core\3.0.0\lucene-core-3.0.0.jar;C:\Users\norlan.STI\.m2\repository\com\ontotext\ordi.model\0.6\ordi.model-0.6.jar;C:\Users\norlan.STI\.m2\repository\com\ontotext\swift.owlim\3.3\swift.owlim-3.3.jar;C:\Users\norlan.STI\.m2\repository\com\ontotext\swift.trree\3.3\swift.trree-3.3.jar;C:\Users\norlan.STI\.m2\repository\com\ontotext\owlim.big\3.3.2237-20100706\owlim.big-3.3.2237-20100706.jar;C:\Users\norlan.STI\.m2\repository\org\slf4j\jcl-over-slf4j\1.6.1\jcl-over-slf4j-1.6.1.jar;C:\Users\norlan.STI\.m2\repository\sim\sim-instrumentation\1.0-SNAPSHOT\sim-instrumentation-1.0-SNAPSHOT.jar;C:\Users\norlan.STI\.m2\repository\org\aspectj\aspectjrt\1.6.9\aspectjrt-1.6.9.jar;C:\Users\norlan.STI\.m2\repository\sim\sim-commons\1.0-SNAPSHOT\sim-commons-1.0-SNAPSHOT.jar;C:\Users\norlan.STI\.m2\repository\sim\sim-instrumentation-larkc\1.0-SNAPSHOT\sim-instrumentation-larkc-1.0-SNAPSHOT.jar;"/>
    <property name="java.specification.name" value="Java Platform API Specification"/>
    <property name="java.class.version" value="50.0"/>
    <property name="sun.management.compiler" value="HotSpot 64-Bit Tiered Compilers"/>
    <property name="os.version" value="6.1"/>
    <property name="user.home" value="C:\Users\norlan.STI"/>
    <property name="user.timezone" value=""/>
    <property name="java.awt.printerjob" value="sun.awt.windows.WPrinterJob"/>
    <property name="java.specification.version" value="1.6"/>
    <property name="file.encoding" value="Cp1252"/>
    <property name="user.name" value="norlan"/>
    <property name="java.class.path" value="D:\workspaces\workspace_larkc_trunk\trunk\platform\endpoints\endpointsSourceCode\endpoint.test\target\test-classes;D:\workspaces\workspace_larkc_trunk\trunk\platform\endpoints\endpointsSourceCode\endpoint.test\target\classes;C:\Users\norlan.STI\.m2\repository\eu\larkc\platform\2.5.0-SNAPSHOT\platform-2.5.0-SNAPSHOT.jar;C:\Users\norlan.STI\.m2\repository\org\apache\hadoop.core\0.20.1\hadoop.core-0.20.1.jar;C:\Users\norlan.STI\.m2\repository\eu\larkc\webpie\1.0\webpie-1.0.jar;C:\Users\norlan.STI\.m2\repository\nl\vu\cs\gridlab\gat.api\2.1.0\gat.api-2.1.0.jar;C:\Users\norlan.STI\.m2\repository\nl\vu\cs\gridlab\gat.engine\2.1.0\gat.engine-2.1.0.jar;C:\Users\norlan.STI\.m2\repository\org\openrdf\sesame\sesame-runtime\2.3.2\sesame-runtime-2.3.2.jar;C:\Users\norlan.STI\.m2\repository\org\openrdf\sesame\sesame-model\2.3.2\sesame-model-2.3.2.jar;C:\Users\norlan.STI\.m2\repository\info\aduna\commons\aduna-commons-collections\2.7.0\aduna-commons-collections-2.7.0.jar;C:\Users\norlan.STI\.m2\repository\info\aduna\commons\aduna-commons-concurrent\2.6.0\aduna-commons-concurrent-2.6.0.jar;C:\Users\norlan.STI\.m2\repository\org\slf4j\slf4j-api\1.6.1\slf4j-api-1.6.1.jar;C:\Users\norlan.STI\.m2\repository\info\aduna\commons\aduna-commons-i18n\1.3.0\aduna-commons-i18n-1.3.0.jar;C:\Users\norlan.STI\.m2\repository\org\openrdf\sesame\sesame-query\2.3.2\sesame-query-2.3.2.jar;C:\Users\norlan.STI\.m2\repository\org\openrdf\sesame\sesame-rio-api\2.3.2\sesame-rio-api-2.3.2.jar;C:\Users\norlan.STI\.m2\repository\info\aduna\commons\aduna-commons-lang\2.8.0\aduna-commons-lang-2.8.0.jar;C:\Users\norlan.STI\.m2\repository\info\aduna\commons\aduna-commons-net\2.6.0\aduna-commons-net-2.6.0.jar;C:\Users\norlan.STI\.m2\repository\info\aduna\commons\aduna-commons-text\2.6.0\aduna-commons-text-2.6.0.jar;C:\Users\norlan.STI\.m2\repository\info\aduna\commons\aduna-commons-iteration\2.8.0\aduna-commons-iteration-2.8.0.jar;C:\Users\norlan.STI\.m2\repository\org\openrdf\sesame\sesame-queryalgebra-model\2.3.2\sesame-queryalgebra-model-2.3.2.jar;C:\Users\norlan.STI\.m2\repository\org\openrdf\sesame\sesame-queryparser-api\2.3.2\sesame-queryparser-api-2.3.2.jar;C:\Users\norlan.STI\.m2\repository\org\openrdf\sesame\sesame-queryparser-sparql\2.3.2\sesame-queryparser-sparql-2.3.2.jar;C:\Users\norlan.STI\.m2\repository\org\openrdf\sesame\sesame-queryresultio-api\2.3.2\sesame-queryresultio-api-2.3.2.jar;C:\Users\norlan.STI\.m2\repository\org\openrdf\sesame\sesame-queryresultio-binary\2.3.2\sesame-queryresultio-binary-2.3.2.jar;C:\Users\norlan.STI\.m2\repository\info\aduna\commons\aduna-commons-io\2.8.0\aduna-commons-io-2.8.0.jar;C:\Users\norlan.STI\.m2\repository\org\openrdf\sesame\sesame-queryresultio-sparqljson\2.3.2\sesame-queryresultio-sparqljson-2.3.2.jar;C:\Users\norlan.STI\.m2\repository\org\openrdf\sesame\sesame-queryresultio-sparqlxml\2.3.2\sesame-queryresultio-sparqlxml-2.3.2.jar;C:\Users\norlan.STI\.m2\repository\info\aduna\commons\aduna-commons-xml\2.6.0\aduna-commons-xml-2.6.0.jar;C:\Users\norlan.STI\.m2\repository\org\openrdf\sesame\sesame-queryresultio-text\2.3.2\sesame-queryresultio-text-2.3.2.jar;C:\Users\norlan.STI\.m2\repository\org\openrdf\sesame\sesame-repository-api\2.3.2\sesame-repository-api-2.3.2.jar;C:\Users\norlan.STI\.m2\repository\org\openrdf\sesame\sesame-repository-manager\2.3.2\sesame-repository-manager-2.3.2.jar;C:\Users\norlan.STI\.m2\repository\org\openrdf\sesame\sesame-repository-event\2.3.2\sesame-repository-event-2.3.2.jar;C:\Users\norlan.STI\.m2\repository\org\openrdf\sesame\sesame-repository-sail\2.3.2\sesame-repository-sail-2.3.2.jar;C:\Users\norlan.STI\.m2\repository\org\openrdf\sesame\sesame-sail-api\2.3.2\sesame-sail-api-2.3.2.jar;C:\Users\norlan.STI\.m2\repository\org\openrdf\sesame\sesame-sail-memory\2.3.2\sesame-sail-memory-2.3.2.jar;C:\Users\norlan.STI\.m2\repository\org\openrdf\sesame\sesame-sail-inferencer\2.3.2\sesame-sail-inferencer-2.3.2.jar;C:\Users\norlan.STI\.m2\repository\org\openrdf\sesame\sesame-queryalgebra-evaluation\2.3.2\sesame-queryalgebra-evaluation-2.3.2.jar;C:\Users\norlan.STI\.m2\repository\org\openrdf\sesame\sesame-repository-http\2.3.2\sesame-repository-http-2.3.2.jar;C:\Users\norlan.STI\.m2\repository\org\openrdf\sesame\sesame-http-client\2.3.2\sesame-http-client-2.3.2.jar;C:\Users\norlan.STI\.m2\repository\org\openrdf\sesame\sesame-http-protocol\2.3.2\sesame-http-protocol-2.3.2.jar;C:\Users\norlan.STI\.m2\repository\org\openrdf\sesame\sesame-rio-ntriples\2.3.2\sesame-rio-ntriples-2.3.2.jar;C:\Users\norlan.STI\.m2\repository\commons-httpclient\commons-httpclient\3.1\commons-httpclient-3.1.jar;C:\Users\norlan.STI\.m2\repository\commons-codec\commons-codec\1.3\commons-codec-1.3.jar;C:\Users\norlan.STI\.m2\repository\org\openrdf\sesame\sesame-repository-dataset\2.3.2\sesame-repository-dataset-2.3.2.jar;C:\Users\norlan.STI\.m2\repository\org\openrdf\sesame\sesame-repository-contextaware\2.3.2\sesame-repository-contextaware-2.3.2.jar;C:\Users\norlan.STI\.m2\repository\org\openrdf\sesame\sesame-rio-n3\2.3.2\sesame-rio-n3-2.3.2.jar;C:\Users\norlan.STI\.m2\repository\org\openrdf\sesame\sesame-rio-turtle\2.3.2\sesame-rio-turtle-2.3.2.jar;C:\Users\norlan.STI\.m2\repository\org\openrdf\sesame\sesame-rio-rdfxml\2.3.2\sesame-rio-rdfxml-2.3.2.jar;C:\Users\norlan.STI\.m2\repository\org\openrdf\sesame\sesame-rio-trix\2.3.2\sesame-rio-trix-2.3.2.jar;C:\Users\norlan.STI\.m2\repository\org\openrdf\sesame\sesame-rio-trig\2.3.2\sesame-rio-trig-2.3.2.jar;C:\Users\norlan.STI\.m2\repository\org\openrdf\sesame\sesame-sail-nativerdf\2.3.2\sesame-sail-nativerdf-2.3.2.jar;C:\Users\norlan.STI\.m2\repository\org\openrdf\sesame\sesame-sail-rdbms\2.3.2\sesame-sail-rdbms-2.3.2.jar;C:\Users\norlan.STI\.m2\repository\commons-dbcp\commons-dbcp\1.2.2\commons-dbcp-1.2.2.jar;C:\Users\norlan.STI\.m2\repository\commons-pool\commons-pool\1.3\commons-pool-1.3.jar;C:\Users\norlan.STI\.m2\repository\org\restlet\jse\org.restlet\2.0.0\org.restlet-2.0.0.jar;C:\Users\norlan.STI\.m2\repository\org\osgi\org.osgi.core\4.0.0\org.osgi.core-4.0.0.jar;C:\Users\norlan.STI\.m2\repository\ch\qos\logback\logback-core\0.9.24\logback-core-0.9.24.jar;C:\Users\norlan.STI\.m2\repository\ch\qos\logback\logback-classic\0.9.24\logback-classic-0.9.24.jar;C:\Users\norlan.STI\.m2\repository\org\apache\tomcat\tomcat-servlet-api\7.0.2\tomcat-servlet-api-7.0.2.jar;C:\Users\norlan.STI\.m2\repository\org\jgrapht\jgrapht-jdk1.5\0.7.3\jgrapht-jdk1.5-0.7.3.jar;C:\Users\norlan.STI\.m2\repository\junit\junit\4.8.2\junit-4.8.2.jar;C:\Users\norlan.STI\.m2\repository\asm\asm-all\3.1\asm-all-3.1.jar;C:\Users\norlan.STI\.m2\repository\org\apache\httpcomponents\httpclient\4.0.1\httpclient-4.0.1.jar;C:\Users\norlan.STI\.m2\repository\org\apache\httpcomponents\httpcore\4.0.1\httpcore-4.0.1.jar;C:\Users\norlan.STI\.m2\repository\org\apache\httpcomponents\httpmime\4.0.1\httpmime-4.0.1.jar;C:\Users\norlan.STI\.m2\repository\org\apache\james\apache-mime4j\0.6\apache-mime4j-0.6.jar;C:\Users\norlan.STI\.m2\repository\org\slf4j\log4j-over-slf4j\1.6.1\log4j-over-slf4j-1.6.1.jar;C:\Users\norlan.STI\.m2\repository\com\ontotext\ordi.trree.adapter\0.6\ordi.trree.adapter-0.6.jar;C:\Users\norlan.STI\.m2\repository\org\apache\lucene\lucene-core\3.0.0\lucene-core-3.0.0.jar;C:\Users\norlan.STI\.m2\repository\com\ontotext\ordi.model\0.6\ordi.model-0.6.jar;C:\Users\norlan.STI\.m2\repository\com\ontotext\swift.owlim\3.3\swift.owlim-3.3.jar;C:\Users\norlan.STI\.m2\repository\com\ontotext\swift.trree\3.3\swift.trree-3.3.jar;C:\Users\norlan.STI\.m2\repository\com\ontotext\owlim.big\3.3.2237-20100706\owlim.big-3.3.2237-20100706.jar;C:\Users\norlan.STI\.m2\repository\org\slf4j\jcl-over-slf4j\1.6.1\jcl-over-slf4j-1.6.1.jar;C:\Users\norlan.STI\.m2\repository\sim\sim-instrumentation\1.0-SNAPSHOT\sim-instrumentation-1.0-SNAPSHOT.jar;C:\Users\norlan.STI\.m2\repository\org\aspectj\aspectjrt\1.6.9\aspectjrt-1.6.9.jar;C:\Users\norlan.STI\.m2\repository\sim\sim-commons\1.0-SNAPSHOT\sim-commons-1.0-SNAPSHOT.jar;C:\Users\norlan.STI\.m2\repository\sim\sim-instrumentation-larkc\1.0-SNAPSHOT\sim-instrumentation-larkc-1.0-SNAPSHOT.jar;"/>
    <property name="java.vm.specification.version" value="1.0"/>
    <property name="sun.arch.data.model" value="64"/>
    <property name="java.home" value="C:\glassfish3\jdk\jre"/>
    <property name="sun.java.command" value="C:\Users\norlan.STI\AppData\Local\Temp\surefirebooter7514403955708268952.jar C:\Users\norlan.STI\AppData\Local\Temp\surefire3580200916759223731tmp C:\Users\norlan.STI\AppData\Local\Temp\surefire3567790859692546718tmp"/>
    <property name="java.specification.vendor" value="Sun Microsystems Inc."/>
    <property name="user.language" value="en"/>
    <property name="awt.toolkit" value="sun.awt.windows.WToolkit"/>
    <property name="java.vm.info" value="mixed mode"/>
    <property name="java.version" value="1.6.0_25"/>
    <property name="java.ext.dirs" value="C:\glassfish3\jdk\jre\lib\ext;C:\Windows\Sun\Java\lib\ext"/>
    <property name="sun.boot.class.path" value="C:\glassfish3\jdk\jre\lib\resources.jar;C:\glassfish3\jdk\jre\lib\rt.jar;C:\glassfish3\jdk\jre\lib\sunrsasign.jar;C:\glassfish3\jdk\jre\lib\jsse.jar;C:\glassfish3\jdk\jre\lib\jce.jar;C:\glassfish3\jdk\jre\lib\charsets.jar;C:\glassfish3\jdk\jre\lib\modules\jdk.boot.jar;C:\glassfish3\jdk\jre\classes"/>
    <property name="java.vendor" value="Sun Microsystems Inc."/>
    <property name="localRepository" value="C:\Users\norlan.STI\.m2\repository"/>
    <property name="file.separator" value="\"/>
    <property name="java.vendor.url.bug" value="http://java.sun.com/cgi-bin/bugreport.cgi"/>
    <property name="sun.cpu.endian" value="little"/>
    <property name="sun.io.unicode.encoding" value="UnicodeLittle"/>
    <property name="sun.desktop" value="windows"/>
    <property name="sun.cpu.isalist" value="amd64"/>
  </properties>
  <testcase time="0.002" classname="eu.larkc.endpoint.test.TestEndpointTest" name="testTestEndpoint"/>
</testsuite>