<?xml version="1.0" encoding="UTF-8" ?>
<testsuite failures="0" time="0.047" errors="0" skipped="0" tests="1" name="eu.larkc.plugin.datacleaner.DataCleanerTest">
  <properties>
    <property name="java.runtime.name" value="Java(TM) SE Runtime Environment"/>
    <property name="sun.boot.library.path" value="/System/Library/Java/JavaVirtualMachines/1.6.0.jdk/Contents/Libraries"/>
    <property name="java.vm.version" value="19.1-b02-334"/>
    <property name="awt.nativeDoubleBuffering" value="true"/>
    <property name="gopherProxySet" value="false"/>
    <property name="mrj.build" value="10M3326"/>
    <property name="java.vm.vendor" value="Apple Inc."/>
    <property name="java.vendor.url" value="http://www.apple.com/"/>
    <property name="path.separator" value=":"/>
    <property name="java.vm.name" value="Java HotSpot(TM) 64-Bit Server VM"/>
    <property name="file.encoding.pkg" value="sun.io"/>
    <property name="user.country" value="US"/>
    <property name="sun.java.launcher" value="SUN_STANDARD"/>
    <property name="sun.os.patch.level" value="unknown"/>
    <property name="java.vm.specification.name" value="Java Virtual Machine Specification"/>
    <property name="user.dir" value="/Users/spyros/Documents/workspace/plugin.DataCleaner"/>
    <property name="java.runtime.version" value="1.6.0_24-b07-334-10M3326"/>
    <property name="java.awt.graphicsenv" value="apple.awt.CGraphicsEnvironment"/>
    <property name="basedir" value="/Users/spyros/Documents/workspace/plugin.DataCleaner"/>
    <property name="java.endorsed.dirs" value="/System/Library/Java/JavaVirtualMachines/1.6.0.jdk/Contents/Home/lib/endorsed"/>
    <property name="os.arch" value="x86_64"/>
    <property name="surefire.real.class.path" value="/Users/spyros/Documents/workspace/plugin.DataCleaner/target/surefire/surefirebooter8983714861496599207.jar"/>
    <property name="java.io.tmpdir" value="/var/folders/m9/m92VLj1gGrW2rJugsAwrXk+++TI/-Tmp-/"/>
    <property name="line.separator" value="
"/>
    <property name="java.vm.specification.vendor" value="Sun Microsystems Inc."/>
    <property name="os.name" value="Mac OS X"/>
    <property name="sun.jnu.encoding" value="MacRoman"/>
    <property name="java.library.path" value=".:/Library/Java/Extensions:/System/Library/Java/Extensions:/usr/lib/java"/>
    <property name="surefire.test.class.path" value="/Users/spyros/Documents/workspace/plugin.DataCleaner/target/test-classes:/Users/spyros/Documents/workspace/plugin.DataCleaner/target/classes:/Users/spyros/.m2/repository/eu/larkc/platform/2.0.0-SNAPSHOT/platform-2.0.0-SNAPSHOT.jar:/Users/spyros/.m2/repository/org/apache/hadoop.core/0.20.1/hadoop.core-0.20.1.jar:/Users/spyros/.m2/repository/eu/larkc/webpie/1.0/webpie-1.0.jar:/Users/spyros/.m2/repository/nl/vu/cs/gridlab/gat.api/2.1.0/gat.api-2.1.0.jar:/Users/spyros/.m2/repository/nl/vu/cs/gridlab/gat.engine/2.1.0/gat.engine-2.1.0.jar:/Users/spyros/.m2/repository/org/openrdf/sesame/sesame-runtime/2.3.2/sesame-runtime-2.3.2.jar:/Users/spyros/.m2/repository/org/openrdf/sesame/sesame-queryalgebra-model/2.3.2/sesame-queryalgebra-model-2.3.2.jar:/Users/spyros/.m2/repository/org/openrdf/sesame/sesame-queryparser-serql/2.3.2/sesame-queryparser-serql-2.3.2.jar:/Users/spyros/.m2/repository/org/openrdf/sesame/sesame-queryresultio-api/2.3.2/sesame-queryresultio-api-2.3.2.jar:/Users/spyros/.m2/repository/org/openrdf/sesame/sesame-queryresultio-binary/2.3.2/sesame-queryresultio-binary-2.3.2.jar:/Users/spyros/.m2/repository/org/openrdf/sesame/sesame-queryresultio-sparqljson/2.3.2/sesame-queryresultio-sparqljson-2.3.2.jar:/Users/spyros/.m2/repository/org/openrdf/sesame/sesame-queryresultio-sparqlxml/2.3.2/sesame-queryresultio-sparqlxml-2.3.2.jar:/Users/spyros/.m2/repository/org/openrdf/sesame/sesame-queryresultio-text/2.3.2/sesame-queryresultio-text-2.3.2.jar:/Users/spyros/.m2/repository/org/openrdf/sesame/sesame-repository-manager/2.3.2/sesame-repository-manager-2.3.2.jar:/Users/spyros/.m2/repository/org/openrdf/sesame/sesame-repository-event/2.3.2/sesame-repository-event-2.3.2.jar:/Users/spyros/.m2/repository/org/openrdf/sesame/sesame-repository-http/2.3.2/sesame-repository-http-2.3.2.jar:/Users/spyros/.m2/repository/org/openrdf/sesame/sesame-repository-dataset/2.3.2/sesame-repository-dataset-2.3.2.jar:/Users/spyros/.m2/repository/org/openrdf/sesame/sesame-repository-contextaware/2.3.2/sesame-repository-contextaware-2.3.2.jar:/Users/spyros/.m2/repository/org/openrdf/sesame/sesame-http-protocol/2.3.2/sesame-http-protocol-2.3.2.jar:/Users/spyros/.m2/repository/org/openrdf/sesame/sesame-http-client/2.3.2/sesame-http-client-2.3.2.jar:/Users/spyros/.m2/repository/commons-httpclient/commons-httpclient/3.1/commons-httpclient-3.1.jar:/Users/spyros/.m2/repository/org/openrdf/sesame/sesame-rio-ntriples/2.3.2/sesame-rio-ntriples-2.3.2.jar:/Users/spyros/.m2/repository/org/openrdf/sesame/sesame-rio-trix/2.3.2/sesame-rio-trix-2.3.2.jar:/Users/spyros/.m2/repository/org/openrdf/sesame/sesame-sail-inferencer/2.3.2/sesame-sail-inferencer-2.3.2.jar:/Users/spyros/.m2/repository/org/openrdf/sesame/sesame-sail-nativerdf/2.3.2/sesame-sail-nativerdf-2.3.2.jar:/Users/spyros/.m2/repository/org/openrdf/sesame/sesame-sail-rdbms/2.3.2/sesame-sail-rdbms-2.3.2.jar:/Users/spyros/.m2/repository/commons-dbcp/commons-dbcp/1.2.2/commons-dbcp-1.2.2.jar:/Users/spyros/.m2/repository/commons-pool/commons-pool/1.3/commons-pool-1.3.jar:/Users/spyros/.m2/repository/org/openrdf/sesame/sesame-queryparser-sparql/2.3.2/sesame-queryparser-sparql-2.3.2.jar:/Users/spyros/.m2/repository/info/aduna/commons/aduna-commons-net/2.6.0/aduna-commons-net-2.6.0.jar:/Users/spyros/.m2/repository/info/aduna/commons/aduna-commons-text/2.6.0/aduna-commons-text-2.6.0.jar:/Users/spyros/.m2/repository/org/openrdf/sesame/sesame-query/2.3.2/sesame-query-2.3.2.jar:/Users/spyros/.m2/repository/info/aduna/commons/aduna-commons-iteration/2.8.0/aduna-commons-iteration-2.8.0.jar:/Users/spyros/.m2/repository/org/openrdf/sesame/sesame-rio-api/2.3.2/sesame-rio-api-2.3.2.jar:/Users/spyros/.m2/repository/info/aduna/commons/aduna-commons-lang/2.8.0/aduna-commons-lang-2.8.0.jar:/Users/spyros/.m2/repository/org/openrdf/sesame/sesame-queryparser-api/2.3.2/sesame-queryparser-api-2.3.2.jar:/Users/spyros/.m2/repository/org/openrdf/sesame/sesame-model/2.3.2/sesame-model-2.3.2.jar:/Users/spyros/.m2/repository/info/aduna/commons/aduna-commons-collections/2.7.0/aduna-commons-collections-2.7.0.jar:/Users/spyros/.m2/repository/info/aduna/commons/aduna-commons-i18n/1.3.0/aduna-commons-i18n-1.3.0.jar:/Users/spyros/.m2/repository/org/openrdf/sesame/sesame-rio-trig/2.3.2/sesame-rio-trig-2.3.2.jar:/Users/spyros/.m2/repository/info/aduna/commons/aduna-commons-io/2.8.0/aduna-commons-io-2.8.0.jar:/Users/spyros/.m2/repository/org/openrdf/sesame/sesame-rio-turtle/2.3.2/sesame-rio-turtle-2.3.2.jar:/Users/spyros/.m2/repository/org/openrdf/sesame/sesame-rio-rdfxml/2.3.2/sesame-rio-rdfxml-2.3.2.jar:/Users/spyros/.m2/repository/info/aduna/commons/aduna-commons-xml/2.6.0/aduna-commons-xml-2.6.0.jar:/Users/spyros/.m2/repository/org/openrdf/sesame/sesame-rio-n3/2.3.2/sesame-rio-n3-2.3.2.jar:/Users/spyros/.m2/repository/org/openrdf/sesame/sesame-sail-api/2.3.2/sesame-sail-api-2.3.2.jar:/Users/spyros/.m2/repository/info/aduna/commons/aduna-commons-concurrent/2.6.0/aduna-commons-concurrent-2.6.0.jar:/Users/spyros/.m2/repository/org/openrdf/sesame/sesame-sail-memory/2.3.2/sesame-sail-memory-2.3.2.jar:/Users/spyros/.m2/repository/org/openrdf/sesame/sesame-queryalgebra-evaluation/2.3.2/sesame-queryalgebra-evaluation-2.3.2.jar:/Users/spyros/.m2/repository/org/openrdf/sesame/sesame-repository-sail/2.3.2/sesame-repository-sail-2.3.2.jar:/Users/spyros/.m2/repository/org/openrdf/sesame/sesame-repository-api/2.3.2/sesame-repository-api-2.3.2.jar:/Users/spyros/.m2/repository/org/restlet/jse/org.restlet/2.0.0/org.restlet-2.0.0.jar:/Users/spyros/.m2/repository/org/osgi/org.osgi.core/4.0.0/org.osgi.core-4.0.0.jar:/Users/spyros/.m2/repository/org/slf4j/slf4j-api/1.6.1/slf4j-api-1.6.1.jar:/Users/spyros/.m2/repository/ch/qos/logback/logback-core/0.9.24/logback-core-0.9.24.jar:/Users/spyros/.m2/repository/ch/qos/logback/logback-classic/0.9.24/logback-classic-0.9.24.jar:/Users/spyros/.m2/repository/org/apache/tomcat/tomcat-servlet-api/7.0.2/tomcat-servlet-api-7.0.2.jar:/Users/spyros/.m2/repository/org/jgrapht/jgrapht-jdk1.5/0.7.3/jgrapht-jdk1.5-0.7.3.jar:/Users/spyros/.m2/repository/junit/junit/4.8.2/junit-4.8.2.jar:/Users/spyros/.m2/repository/asm/asm-all/3.1/asm-all-3.1.jar:/Users/spyros/.m2/repository/org/apache/httpcomponents/httpclient/4.0.1/httpclient-4.0.1.jar:/Users/spyros/.m2/repository/org/apache/httpcomponents/httpcore/4.0.1/httpcore-4.0.1.jar:/Users/spyros/.m2/repository/org/apache/httpcomponents/httpmime/4.0.1/httpmime-4.0.1.jar:/Users/spyros/.m2/repository/org/apache/james/apache-mime4j/0.6/apache-mime4j-0.6.jar:/Users/spyros/.m2/repository/commons-codec/commons-codec/1.3/commons-codec-1.3.jar:/Users/spyros/.m2/repository/org/apache/activemq/activemq-all/5.4.1/activemq-all-5.4.1.jar:/Users/spyros/.m2/repository/org/slf4j/log4j-over-slf4j/1.6.1/log4j-over-slf4j-1.6.1.jar:/Users/spyros/.m2/repository/com/ontotext/ordi.trree.adapter/0.6/ordi.trree.adapter-0.6.jar:/Users/spyros/.m2/repository/org/apache/lucene/lucene-core/3.0.0/lucene-core-3.0.0.jar:/Users/spyros/.m2/repository/com/ontotext/ordi.model/0.6/ordi.model-0.6.jar:/Users/spyros/.m2/repository/com/ontotext/swift.owlim/3.3/swift.owlim-3.3.jar:/Users/spyros/.m2/repository/com/ontotext/swift.trree/3.3/swift.trree-3.3.jar:/Users/spyros/.m2/repository/com/ontotext/owlim.big/3.3.2237-20100706/owlim.big-3.3.2237-20100706.jar:/Users/spyros/.m2/repository/org/slf4j/jcl-over-slf4j/1.6.1/jcl-over-slf4j-1.6.1.jar:/Users/spyros/.m2/repository/sim/sim-instrumentation/1.0-SNAPSHOT/sim-instrumentation-1.0-SNAPSHOT.jar:/Users/spyros/.m2/repository/org/aspectj/aspectjrt/1.6.9/aspectjrt-1.6.9.jar:/Users/spyros/.m2/repository/sim/sim-commons/1.0-SNAPSHOT/sim-commons-1.0-SNAPSHOT.jar:/Users/spyros/.m2/repository/sim/sim-instrumentation-larkc/1.0-SNAPSHOT/sim-instrumentation-larkc-1.0-SNAPSHOT.jar:/Users/spyros/Documents/workspace/plugin.DataCleaner/lib/clean-0.1-dev.jar:/Users/spyros/Documents/workspace/plugin.DataCleaner/lib/nxparser-1.1.jar:/Users/spyros/Documents/workspace/plugin.DataCleaner/lib/norbert-0.3.2.jar:"/>
    <property name="java.specification.name" value="Java Platform API Specification"/>
    <property name="java.class.version" value="50.0"/>
    <property name="sun.management.compiler" value="HotSpot 64-Bit Server Compiler"/>
    <property name="os.version" value="10.6.6"/>
    <property name="http.nonProxyHosts" value="local|*.local|169.254/16|*.169.254/16"/>
    <property name="user.home" value="/Users/spyros"/>
    <property name="user.timezone" value=""/>
    <property name="java.awt.printerjob" value="apple.awt.CPrinterJob"/>
    <property name="java.specification.version" value="1.6"/>
    <property name="file.encoding" value="MacRoman"/>
    <property name="user.name" value="spyros"/>
    <property name="java.class.path" value="/Users/spyros/Documents/workspace/plugin.DataCleaner/target/test-classes:/Users/spyros/Documents/workspace/plugin.DataCleaner/target/classes:/Users/spyros/.m2/repository/eu/larkc/platform/2.0.0-SNAPSHOT/platform-2.0.0-SNAPSHOT.jar:/Users/spyros/.m2/repository/org/apache/hadoop.core/0.20.1/hadoop.core-0.20.1.jar:/Users/spyros/.m2/repository/eu/larkc/webpie/1.0/webpie-1.0.jar:/Users/spyros/.m2/repository/nl/vu/cs/gridlab/gat.api/2.1.0/gat.api-2.1.0.jar:/Users/spyros/.m2/repository/nl/vu/cs/gridlab/gat.engine/2.1.0/gat.engine-2.1.0.jar:/Users/spyros/.m2/repository/org/openrdf/sesame/sesame-runtime/2.3.2/sesame-runtime-2.3.2.jar:/Users/spyros/.m2/repository/org/openrdf/sesame/sesame-queryalgebra-model/2.3.2/sesame-queryalgebra-model-2.3.2.jar:/Users/spyros/.m2/repository/org/openrdf/sesame/sesame-queryparser-serql/2.3.2/sesame-queryparser-serql-2.3.2.jar:/Users/spyros/.m2/repository/org/openrdf/sesame/sesame-queryresultio-api/2.3.2/sesame-queryresultio-api-2.3.2.jar:/Users/spyros/.m2/repository/org/openrdf/sesame/sesame-queryresultio-binary/2.3.2/sesame-queryresultio-binary-2.3.2.jar:/Users/spyros/.m2/repository/org/openrdf/sesame/sesame-queryresultio-sparqljson/2.3.2/sesame-queryresultio-sparqljson-2.3.2.jar:/Users/spyros/.m2/repository/org/openrdf/sesame/sesame-queryresultio-sparqlxml/2.3.2/sesame-queryresultio-sparqlxml-2.3.2.jar:/Users/spyros/.m2/repository/org/openrdf/sesame/sesame-queryresultio-text/2.3.2/sesame-queryresultio-text-2.3.2.jar:/Users/spyros/.m2/repository/org/openrdf/sesame/sesame-repository-manager/2.3.2/sesame-repository-manager-2.3.2.jar:/Users/spyros/.m2/repository/org/openrdf/sesame/sesame-repository-event/2.3.2/sesame-repository-event-2.3.2.jar:/Users/spyros/.m2/repository/org/openrdf/sesame/sesame-repository-http/2.3.2/sesame-repository-http-2.3.2.jar:/Users/spyros/.m2/repository/org/openrdf/sesame/sesame-repository-dataset/2.3.2/sesame-repository-dataset-2.3.2.jar:/Users/spyros/.m2/repository/org/openrdf/sesame/sesame-repository-contextaware/2.3.2/sesame-repository-contextaware-2.3.2.jar:/Users/spyros/.m2/repository/org/openrdf/sesame/sesame-http-protocol/2.3.2/sesame-http-protocol-2.3.2.jar:/Users/spyros/.m2/repository/org/openrdf/sesame/sesame-http-client/2.3.2/sesame-http-client-2.3.2.jar:/Users/spyros/.m2/repository/commons-httpclient/commons-httpclient/3.1/commons-httpclient-3.1.jar:/Users/spyros/.m2/repository/org/openrdf/sesame/sesame-rio-ntriples/2.3.2/sesame-rio-ntriples-2.3.2.jar:/Users/spyros/.m2/repository/org/openrdf/sesame/sesame-rio-trix/2.3.2/sesame-rio-trix-2.3.2.jar:/Users/spyros/.m2/repository/org/openrdf/sesame/sesame-sail-inferencer/2.3.2/sesame-sail-inferencer-2.3.2.jar:/Users/spyros/.m2/repository/org/openrdf/sesame/sesame-sail-nativerdf/2.3.2/sesame-sail-nativerdf-2.3.2.jar:/Users/spyros/.m2/repository/org/openrdf/sesame/sesame-sail-rdbms/2.3.2/sesame-sail-rdbms-2.3.2.jar:/Users/spyros/.m2/repository/commons-dbcp/commons-dbcp/1.2.2/commons-dbcp-1.2.2.jar:/Users/spyros/.m2/repository/commons-pool/commons-pool/1.3/commons-pool-1.3.jar:/Users/spyros/.m2/repository/org/openrdf/sesame/sesame-queryparser-sparql/2.3.2/sesame-queryparser-sparql-2.3.2.jar:/Users/spyros/.m2/repository/info/aduna/commons/aduna-commons-net/2.6.0/aduna-commons-net-2.6.0.jar:/Users/spyros/.m2/repository/info/aduna/commons/aduna-commons-text/2.6.0/aduna-commons-text-2.6.0.jar:/Users/spyros/.m2/repository/org/openrdf/sesame/sesame-query/2.3.2/sesame-query-2.3.2.jar:/Users/spyros/.m2/repository/info/aduna/commons/aduna-commons-iteration/2.8.0/aduna-commons-iteration-2.8.0.jar:/Users/spyros/.m2/repository/org/openrdf/sesame/sesame-rio-api/2.3.2/sesame-rio-api-2.3.2.jar:/Users/spyros/.m2/repository/info/aduna/commons/aduna-commons-lang/2.8.0/aduna-commons-lang-2.8.0.jar:/Users/spyros/.m2/repository/org/openrdf/sesame/sesame-queryparser-api/2.3.2/sesame-queryparser-api-2.3.2.jar:/Users/spyros/.m2/repository/org/openrdf/sesame/sesame-model/2.3.2/sesame-model-2.3.2.jar:/Users/spyros/.m2/repository/info/aduna/commons/aduna-commons-collections/2.7.0/aduna-commons-collections-2.7.0.jar:/Users/spyros/.m2/repository/info/aduna/commons/aduna-commons-i18n/1.3.0/aduna-commons-i18n-1.3.0.jar:/Users/spyros/.m2/repository/org/openrdf/sesame/sesame-rio-trig/2.3.2/sesame-rio-trig-2.3.2.jar:/Users/spyros/.m2/repository/info/aduna/commons/aduna-commons-io/2.8.0/aduna-commons-io-2.8.0.jar:/Users/spyros/.m2/repository/org/openrdf/sesame/sesame-rio-turtle/2.3.2/sesame-rio-turtle-2.3.2.jar:/Users/spyros/.m2/repository/org/openrdf/sesame/sesame-rio-rdfxml/2.3.2/sesame-rio-rdfxml-2.3.2.jar:/Users/spyros/.m2/repository/info/aduna/commons/aduna-commons-xml/2.6.0/aduna-commons-xml-2.6.0.jar:/Users/spyros/.m2/repository/org/openrdf/sesame/sesame-rio-n3/2.3.2/sesame-rio-n3-2.3.2.jar:/Users/spyros/.m2/repository/org/openrdf/sesame/sesame-sail-api/2.3.2/sesame-sail-api-2.3.2.jar:/Users/spyros/.m2/repository/info/aduna/commons/aduna-commons-concurrent/2.6.0/aduna-commons-concurrent-2.6.0.jar:/Users/spyros/.m2/repository/org/openrdf/sesame/sesame-sail-memory/2.3.2/sesame-sail-memory-2.3.2.jar:/Users/spyros/.m2/repository/org/openrdf/sesame/sesame-queryalgebra-evaluation/2.3.2/sesame-queryalgebra-evaluation-2.3.2.jar:/Users/spyros/.m2/repository/org/openrdf/sesame/sesame-repository-sail/2.3.2/sesame-repository-sail-2.3.2.jar:/Users/spyros/.m2/repository/org/openrdf/sesame/sesame-repository-api/2.3.2/sesame-repository-api-2.3.2.jar:/Users/spyros/.m2/repository/org/restlet/jse/org.restlet/2.0.0/org.restlet-2.0.0.jar:/Users/spyros/.m2/repository/org/osgi/org.osgi.core/4.0.0/org.osgi.core-4.0.0.jar:/Users/spyros/.m2/repository/org/slf4j/slf4j-api/1.6.1/slf4j-api-1.6.1.jar:/Users/spyros/.m2/repository/ch/qos/logback/logback-core/0.9.24/logback-core-0.9.24.jar:/Users/spyros/.m2/repository/ch/qos/logback/logback-classic/0.9.24/logback-classic-0.9.24.jar:/Users/spyros/.m2/repository/org/apache/tomcat/tomcat-servlet-api/7.0.2/tomcat-servlet-api-7.0.2.jar:/Users/spyros/.m2/repository/org/jgrapht/jgrapht-jdk1.5/0.7.3/jgrapht-jdk1.5-0.7.3.jar:/Users/spyros/.m2/repository/junit/junit/4.8.2/junit-4.8.2.jar:/Users/spyros/.m2/repository/asm/asm-all/3.1/asm-all-3.1.jar:/Users/spyros/.m2/repository/org/apache/httpcomponents/httpclient/4.0.1/httpclient-4.0.1.jar:/Users/spyros/.m2/repository/org/apache/httpcomponents/httpcore/4.0.1/httpcore-4.0.1.jar:/Users/spyros/.m2/repository/org/apache/httpcomponents/httpmime/4.0.1/httpmime-4.0.1.jar:/Users/spyros/.m2/repository/org/apache/james/apache-mime4j/0.6/apache-mime4j-0.6.jar:/Users/spyros/.m2/repository/commons-codec/commons-codec/1.3/commons-codec-1.3.jar:/Users/spyros/.m2/repository/org/apache/activemq/activemq-all/5.4.1/activemq-all-5.4.1.jar:/Users/spyros/.m2/repository/org/slf4j/log4j-over-slf4j/1.6.1/log4j-over-slf4j-1.6.1.jar:/Users/spyros/.m2/repository/com/ontotext/ordi.trree.adapter/0.6/ordi.trree.adapter-0.6.jar:/Users/spyros/.m2/repository/org/apache/lucene/lucene-core/3.0.0/lucene-core-3.0.0.jar:/Users/spyros/.m2/repository/com/ontotext/ordi.model/0.6/ordi.model-0.6.jar:/Users/spyros/.m2/repository/com/ontotext/swift.owlim/3.3/swift.owlim-3.3.jar:/Users/spyros/.m2/repository/com/ontotext/swift.trree/3.3/swift.trree-3.3.jar:/Users/spyros/.m2/repository/com/ontotext/owlim.big/3.3.2237-20100706/owlim.big-3.3.2237-20100706.jar:/Users/spyros/.m2/repository/org/slf4j/jcl-over-slf4j/1.6.1/jcl-over-slf4j-1.6.1.jar:/Users/spyros/.m2/repository/sim/sim-instrumentation/1.0-SNAPSHOT/sim-instrumentation-1.0-SNAPSHOT.jar:/Users/spyros/.m2/repository/org/aspectj/aspectjrt/1.6.9/aspectjrt-1.6.9.jar:/Users/spyros/.m2/repository/sim/sim-commons/1.0-SNAPSHOT/sim-commons-1.0-SNAPSHOT.jar:/Users/spyros/.m2/repository/sim/sim-instrumentation-larkc/1.0-SNAPSHOT/sim-instrumentation-larkc-1.0-SNAPSHOT.jar:/Users/spyros/Documents/workspace/plugin.DataCleaner/lib/clean-0.1-dev.jar:/Users/spyros/Documents/workspace/plugin.DataCleaner/lib/nxparser-1.1.jar:/Users/spyros/Documents/workspace/plugin.DataCleaner/lib/norbert-0.3.2.jar:"/>
    <property name="java.vm.specification.version" value="1.0"/>
    <property name="sun.arch.data.model" value="64"/>
    <property name="java.home" value="/System/Library/Java/JavaVirtualMachines/1.6.0.jdk/Contents/Home"/>
    <property name="java.specification.vendor" value="Sun Microsystems Inc."/>
    <property name="user.language" value="en"/>
    <property name="awt.toolkit" value="apple.awt.CToolkit"/>
    <property name="java.vm.info" value="mixed mode"/>
    <property name="java.version" value="1.6.0_24"/>
    <property name="java.ext.dirs" value="/Library/Java/Extensions:/System/Library/Java/Extensions:/System/Library/Java/JavaVirtualMachines/1.6.0.jdk/Contents/Home/lib/ext"/>
    <property name="sun.boot.class.path" value="/System/Library/Java/JavaVirtualMachines/1.6.0.jdk/Contents/Classes/jsfd.jar:/System/Library/Java/JavaVirtualMachines/1.6.0.jdk/Contents/Classes/classes.jar:/System/Library/Frameworks/JavaVM.framework/Frameworks/JavaRuntimeSupport.framework/Resources/Java/JavaRuntimeSupport.jar:/System/Library/Java/JavaVirtualMachines/1.6.0.jdk/Contents/Classes/ui.jar:/System/Library/Java/JavaVirtualMachines/1.6.0.jdk/Contents/Classes/laf.jar:/System/Library/Java/JavaVirtualMachines/1.6.0.jdk/Contents/Classes/sunrsasign.jar:/System/Library/Java/JavaVirtualMachines/1.6.0.jdk/Contents/Classes/jsse.jar:/System/Library/Java/JavaVirtualMachines/1.6.0.jdk/Contents/Classes/jce.jar:/System/Library/Java/JavaVirtualMachines/1.6.0.jdk/Contents/Classes/charsets.jar"/>
    <property name="java.vendor" value="Apple Inc."/>
    <property name="localRepository" value="/Users/spyros/.m2/repository"/>
    <property name="file.separator" value="/"/>
    <property name="java.vendor.url.bug" value="http://bugreport.apple.com/"/>
    <property name="sun.cpu.endian" value="little"/>
    <property name="sun.io.unicode.encoding" value="UnicodeLittle"/>
    <property name="mrj.version" value="1060.1.6.0_24-334"/>
    <property name="socksNonProxyHosts" value="local|*.local|169.254/16|*.169.254/16"/>
    <property name="ftp.nonProxyHosts" value="local|*.local|169.254/16|*.169.254/16"/>
    <property name="sun.cpu.isalist" value=""/>
  </properties>
  <testcase time="0.002" classname="eu.larkc.plugin.datacleaner.DataCleanerTest" name="testMyPlugin"/>
</testsuite>